Vows and Peaks — 5 reviews (5★/138) | 5 subpages, 40 imgs, 0 pdfs
Mallory Munson Photography — 5 reviews (5★/94) | 5 subpages, 34 imgs, 0 pdfs
Heather Jackson Photography — 5 reviews (5★/111) | 5 subpages, 40 imgs, 0 pdfs
Brenna Nicole Photography — 5 reviews (5★/105) | 5 subpages, 40 imgs, 0 pdfs
Shelly Anderson Photography — 5 reviews (5★/38) | 2 subpages, 40 imgs, 0 pdfs
ROGUE Photography — 5 reviews (4.8★/77) | 2 subpages, 40 imgs, 0 pdfs
Leah Goetzel Photography — 5 reviews (5★/76) | site FAIL: HTTP 403
Madeline J Studios — 5 reviews (4.9★/86) | 1 subpages, 38 imgs, 0 pdfs
Elevate Photography — 5 reviews (5★/117) | 5 subpages, 40 imgs, 0 pdfs
Justyna E Butler, Colorado Elopement Photographer — 5 reviews (5★/17) | 5 subpages, 40 imgs, 0 pdfs
Joe and Robin Photography — 5 reviews (5★/144) | 3 subpages, 27 imgs, 0 pdfs
Andrea Stark Photography — 5 reviews (5★/39) | 5 subpages, 40 imgs, 0 pdfs
Jacie Marguerite Fine Art Photographer — 5 reviews (5★/48) | 3 subpages, 40 imgs, 0 pdfs
Siroky Photography — 5 reviews (5★/231) | 4 subpages, 40 imgs, 0 pdfs
Mark Creery Photography — 5 reviews (5★/112) | 0 subpages, 0 imgs, 0 pdfs
Lyndsey Leach Photography — 5 reviews (5★/59) | 5 subpages, 40 imgs, 1 pdfs
Frances Photography — 5 reviews (4.9★/66) | 0 subpages, 0 imgs, 0 pdfs
Tayler Carlisle Photography — 5 reviews (5★/29) | 5 subpages, 40 imgs, 0 pdfs
Kalen Jesse Photography Co. — 5 reviews (5★/346) | 4 subpages, 40 imgs, 0 pdfs
Adventure Amore — 5 reviews (5★/62) | 5 subpages, 40 imgs, 0 pdfs
Catherine Norwood Denver Wedding Photographer — 5 reviews (5★/45) | 2 subpages, 40 imgs, 0 pdfs
Friends and Lovers Photography — 5 reviews (5★/56) | site FAIL: fetch failed
Kari Geha Photography — 5 reviews (5★/16) | 2 subpages, 40 imgs, 0 pdfs
Austin James Photography — 5 reviews (5★/26) | 5 subpages, 40 imgs, 0 pdfs
From the Hip Photo — 5 reviews (4.8★/119) | 5 subpages, 40 imgs, 0 pdfs
Justin Edmonds Photography — 5 reviews (5★/47) | 5 subpages, 40 imgs, 0 pdfs
Jolie Rodriguez Photography — 5 reviews (5★/86) | 3 subpages, 40 imgs, 0 pdfs
Ellie Rich — 5 reviews (5★/69) | 3 subpages, 40 imgs, 0 pdfs
Hannah Henke Photography — 5 reviews (5★/35) | 5 subpages, 40 imgs, 0 pdfs
HoneyLensPhoto Colorado — 5 reviews (5★/123) | 3 subpages, 40 imgs, 0 pdfs
Emerald Fox Boudoir — 5 reviews (4.9★/118) | 5 subpages, 28 imgs, 0 pdfs
Be Boulder Photography — 5 reviews (5★/129) | 5 subpages, 40 imgs, 0 pdfs
Walnut Street Photography — 5 reviews (5★/80) | 2 subpages, 40 imgs, 0 pdfs
Gretchen Troop Photography — 5 reviews (5★/38) | 5 subpages, 40 imgs, 0 pdfs
Bonnie Photo — 5 reviews (5★/60) | 5 subpages, 20 imgs, 0 pdfs
Clyde Plasencia Photography — 5 reviews (5★/15) | 2 subpages, 40 imgs, 0 pdfs
Iva Dostal Photography — 5 reviews (5★/35) | 4 subpages, 40 imgs, 0 pdfs
Castlehouse Videography — 5 reviews (5★/27) | 5 subpages, 40 imgs, 0 pdfs
Alton Richardson Studios | Boulder Wedding Photographer — 5 reviews (5★/19) | 5 subpages, 40 imgs, 0 pdfs
Fawntail Boudoir Photography — 5 reviews (4.9★/31) | 1 subpages, 40 imgs, 0 pdfs
Wild Iris Media — 5 reviews (5★/7) | 0 subpages, 1 imgs, 0 pdfs
Dog Daze Photo — 5 reviews (5★/44) | 4 subpages, 15 imgs, 0 pdfs
Alive Studios Photography — 5 reviews (5★/13) | 2 subpages, 6 imgs, 0 pdfs
Snappr Photography — 5 reviews (4.7★/10) | 0 subpages, 0 imgs, 0 pdfs
11:11 Productions Photography — 5 reviews (4.8★/13) | 5 subpages, 40 imgs, 0 pdfs
Beaton Photography — 5 reviews (5★/41) | 0 subpages, 20 imgs, 0 pdfs
Michelle Betz Photography — 5 reviews (5★/34) | 5 subpages, 40 imgs, 0 pdfs
Mikayla Renee Photo — 5 reviews (5★/96) | 5 subpages, 40 imgs, 0 pdfs
Thistle and Pine Photography — 5 reviews (5★/93) | 2 subpages, 40 imgs, 2 pdfs
Tina Joiner Photography — 5 reviews (5★/28) | 4 subpages, 40 imgs, 0 pdfs
Dre Lamar Photography — 0 reviews (undefined★/undefined) | 4 subpages, 32 imgs, 0 pdfs
Hannah Collier Photography — 5 reviews (5★/34) | 4 subpages, 40 imgs, 0 pdfs
Camara Photography, LLC — 5 reviews (5★/20) | 5 subpages, 4 imgs, 0 pdfs
Katie Corinne Photography — 5 reviews (5★/29) | 0 subpages, 5 imgs, 0 pdfs
Candid Studios Photography & Videography - Colorado Springs — 5 reviews (5★/9) | 5 subpages, 28 imgs, 0 pdfs
Trystan Photography — 5 reviews (4.7★/23) | 5 subpages, 39 imgs, 0 pdfs
Type Deux Weddings — 5 reviews (5★/10) | 2 subpages, 40 imgs, 0 pdfs
Bright Birch Films — 5 reviews (5★/36) | 4 subpages, 40 imgs, 0 pdfs
Candid Studios Photography & Videography - Fort Collins — 5 reviews (4.8★/99) | 5 subpages, 28 imgs, 0 pdfs
Sean Lara Photography — 5 reviews (5★/122) | 5 subpages, 34 imgs, 0 pdfs
Wild Bliss Photography — 5 reviews (5★/86) | 3 subpages, 40 imgs, 0 pdfs
Jules Kennedy Photography — 5 reviews (5★/50) | 5 subpages, 40 imgs, 0 pdfs
Foss Photography — 5 reviews (5★/71) | 3 subpages, 40 imgs, 0 pdfs
Sarah Christine Photography — 5 reviews (5★/55) | 2 subpages, 40 imgs, 0 pdfs
PHOCO — 5 reviews (5★/28) | 2 subpages, 40 imgs, 0 pdfs
Bob Younger Images — 5 reviews (5★/58) | 3 subpages, 7 imgs, 0 pdfs
Wild Fern Photo Co — 5 reviews (5★/10) | 1 subpages, 15 imgs, 0 pdfs
tomKphoto — 5 reviews (4.8★/26) | 5 subpages, 40 imgs, 0 pdfs
Authentic Moments Media — 5 reviews (5★/22) | 5 subpages, 39 imgs, 0 pdfs
Moon Myerson Photography — 5 reviews (4.7★/12) | 5 subpages, 34 imgs, 0 pdfs
Rebeca Velie Photography — 5 reviews (5★/74) | 5 subpages, 40 imgs, 1 pdfs
Hannah Morvay Photography — 5 reviews (5★/19) | 4 subpages, 40 imgs, 0 pdfs
Ranjani Groth Studios — 5 reviews (4.9★/67) | 0 subpages, 40 imgs, 0 pdfs
Sarah Goff Photography — 5 reviews (5★/29) | 5 subpages, 39 imgs, 0 pdfs
The Scobeys - Colorado Wedding Photography — 3 reviews (5★/3) | site FAIL: HTTP 403
wmt.co — 5 reviews (5★/44) | 5 subpages, 40 imgs, 0 pdfs
Embodied Art Boudoir — 5 reviews (5★/72) | 2 subpages, 40 imgs, 0 pdfs
Jennifer Glenn Photography — 0 reviews (undefined★/undefined) | 4 subpages, 40 imgs, 0 pdfs
Authentic Moments Photography — 5 reviews (5★/114) | 2 subpages, 18 imgs, 0 pdfs
Wildroot Collective - Colorado Elopement Planning — 2 reviews (5★/2) | site FAIL: HTTP 409
Breckenridge Photographers — 5 reviews (5★/5) | 2 subpages, 23 imgs, 0 pdfs
Michele Schanker Photography {Breckenridge Photographer} — 5 reviews (5★/45) | 3 subpages, 40 imgs, 0 pdfs
Sarah Roshan Collective — 5 reviews (5★/31) | 5 subpages, 40 imgs, 0 pdfs
Doug Treiber Photography — 5 reviews (5★/38) | 5 subpages, 40 imgs, 0 pdfs
Studio kiva photography — 5 reviews (5★/13) | 2 subpages, 23 imgs, 0 pdfs
Bound for the Mountains — 4 reviews (5★/4) | 5 subpages, 40 imgs, 0 pdfs
Gary Soles Gallery — 5 reviews (5★/33) | 3 subpages, 40 imgs, 0 pdfs
Breckenridge Portrait Company — 1 reviews (3.7★/3) | 1 subpages, 1 imgs, 0 pdfs
Breckenridge Photographics — 5 reviews (4★/154) | site FAIL: HTTP 400
For Wild Love — 5 reviews (5★/6) | 4 subpages, 20 imgs, 0 pdfs
Distinctive Mountain Events — 5 reviews (5★/58) | 0 subpages, 25 imgs, 0 pdfs
Kimi D Photography — 5 reviews (5★/45) | site FAIL: HTTP 403
Sierra Sturt Photo, Vail Photographer — 5 reviews (5★/137) | 3 subpages, 40 imgs, 0 pdfs
Nate & Jenny Weddings — 5 reviews (4.9★/40) | 2 subpages, 26 imgs, 0 pdfs
Toni Axelrod Studios — 5 reviews (5★/33) | 5 subpages, 40 imgs, 0 pdfs
David Gillette Photography — 5 reviews (5★/13) | 1 subpages, 40 imgs, 0 pdfs
White Starfish Photography — 5 reviews (5★/24) | 0 subpages, 0 imgs, 0 pdfs
Michael Rawlings Photography — 5 reviews (4.9★/71) | 5 subpages, 40 imgs, 0 pdfs
Danielle DeFiore Photography — 5 reviews (5★/109) | 5 subpages, 40 imgs, 0 pdfs
Signature Destination Photographers — 5 reviews (5★/45) | 0 subpages, 37 imgs, 0 pdfs
Two Elk Studios — 5 reviews (5★/21) | 2 subpages, 40 imgs, 0 pdfs
Valley to Summit Photography — 5 reviews (5★/8) | 4 subpages, 40 imgs, 0 pdfs
Story Lens Photography : Portrait Photographer — 5 reviews (5★/24) | 1 subpages, 13 imgs, 0 pdfs
The Photography Concierge — 5 reviews (5★/42) | 2 subpages, 40 imgs, 0 pdfs
Vail Mountain Wedding Deck — 5 reviews (4.6★/21) | no website
Glitter & Bliss Wedding Planning & Events — 5 reviews (5★/58) | 5 subpages, 40 imgs, 0 pdfs
Party Girl Events — 5 reviews (5★/33) | 5 subpages, 40 imgs, 0 pdfs
Donovan Pavilion — 5 reviews (4.7★/138) | 5 subpages, 0 imgs, 0 pdfs
Colorado Wedding and Elopement Officiant Julie Adriansen — 5 reviews (5★/16) | 3 subpages, 11 imgs, 0 pdfs
Matt Alberts Photography — 0 reviews (undefined★/undefined) | 2 subpages, 40 imgs, 0 pdfs
Veils of Vail Wedding Planning & Design — 5 reviews (5★/41) | 5 subpages, 40 imgs, 0 pdfs
Sonnenalp Vail — 5 reviews (4.7★/924) | 5 subpages, 40 imgs, 1 pdfs
Four Seasons Resort and Residences Vail — 5 reviews (4.7★/1218) | 5 subpages, 40 imgs, 1 pdfs
EagleVail Pavilion — 5 reviews (4.7★/54) | 1 subpages, 32 imgs, 0 pdfs
Joe Pyle Photography — 5 reviews (4.9★/59) | 5 subpages, 40 imgs, 1 pdfs
Dreamtime Images Photography — 5 reviews (5★/23) | 5 subpages, 40 imgs, 0 pdfs
Sky Pond Photo & Video — 5 reviews (5★/117) | 4 subpages, 5 imgs, 0 pdfs
Addie Knott Photography — 5 reviews (5★/98) | 3 subpages, 40 imgs, 0 pdfs
Ash Marie Photography — 5 reviews (5★/56) | 2 subpages, 28 imgs, 0 pdfs
Real West Old Time Photography — 5 reviews (4.5★/115) | site FAIL: HTTP 400
Aamodt Studio — 5 reviews (5★/9) | 3 subpages, 4 imgs, 0 pdfs
Marry Me In Colorado — 5 reviews (4.1★/81) | 5 subpages, 1 imgs, 0 pdfs
Venue on the Rocks — 5 reviews (4.8★/11) | 3 subpages, 22 imgs, 2 pdfs
The Pavilion at The Stanley — 5 reviews (4.8★/24) | 1 subpages, 0 imgs, 0 pdfs
Fanciful Floral & Weddings — 5 reviews (5★/60) | 4 subpages, 17 imgs, 0 pdfs
The Landing at Estes Park — 5 reviews (4.8★/189) | 2 subpages, 17 imgs, 0 pdfs
Jessa Rae Photography Crested Butte, Colorado — 5 reviews (4.9★/30) | 2 subpages, 40 imgs, 0 pdfs
Jacey Kate Photography | Crested Butte, Colorado Wedding + Elopement Photographer — 5 reviews (5★/67) | 3 subpages, 33 imgs, 0 pdfs
Third Eye Photography — 5 reviews (4.9★/93) | 4 subpages, 40 imgs, 0 pdfs
KiKi Creates — 5 reviews (5★/30) | 5 subpages, 40 imgs, 0 pdfs
Magnified Joy Photography — 5 reviews (5★/6) | 5 subpages, 9 imgs, 0 pdfs
Mountain Wedding Garden — 5 reviews (4.9★/50) | 1 subpages, 1 imgs, 1 pdfs
Belleview Weddings & Events — 5 reviews (5★/32) | 3 subpages, 11 imgs, 0 pdfs
Lucky Penny Event Planning — 5 reviews (5★/90) | 1 subpages, 29 imgs, 0 pdfs
Jess Bidwell Photography — 5 reviews (5★/41) | 4 subpages, 33 imgs, 0 pdfs
Princess Productions Weddings & Events — 2 reviews (5★/2) | 0 subpages, 3 imgs, 0 pdfs
Lisa Marie Wright Photography — 5 reviews (5★/322) | 5 subpages, 40 imgs, 0 pdfs
Abie Livesay Photography — 5 reviews (5★/115) | 2 subpages, 40 imgs, 0 pdfs
Aether Photo & Films — 5 reviews (5★/29) | 5 subpages, 15 imgs, 0 pdfs
Michael Morse Wedding Photography — 5 reviews (5★/84) | 5 subpages, 13 imgs, 0 pdfs
Carissa Marie Photography — 5 reviews (5★/33) | 5 subpages, 40 imgs, 0 pdfs
Jason and Daris — 5 reviews (5★/30) | 0 subpages, 4 imgs, 0 pdfs
Julien Kibler Studio — 5 reviews (5★/138) | 5 subpages, 40 imgs, 0 pdfs
Picturesque Photography — 5 reviews (5★/9) | 3 subpages, 40 imgs, 0 pdfs
Sam Murch Photography — 5 reviews (5★/89) | 5 subpages, 40 imgs, 0 pdfs
Shell Creek Photography — 5 reviews (4.9★/67) | 5 subpages, 40 imgs, 0 pdfs
Photography by Brenda Colwell — 5 reviews (4.6★/9) | 0 subpages, 1 imgs, 0 pdfs
Telluride Presents — 5 reviews (5★/81) | 1 subpages, 13 imgs, 0 pdfs
Taylor Mitchell Photography — 3 reviews (5★/3) | 3 subpages, 40 imgs, 0 pdfs
GIGI•C Weddings — 5 reviews (5★/33) | 2 subpages, 36 imgs, 0 pdfs
K2 Event Co. — 5 reviews (5★/64) | 1 subpages, 27 imgs, 0 pdfs
Real Life Photographs — 5 reviews (5★/9) | 3 subpages, 19 imgs, 0 pdfs
Kelly Miranda Photography — 5 reviews (5★/129) | 5 subpages, 40 imgs, 0 pdfs
The Cheers Company — 5 reviews (5★/26) | 1 subpages, 3 imgs, 0 pdfs
Telluride Ski Resort Weddings & Events — 5 reviews (4.9★/20) | 3 subpages, 40 imgs, 1 pdfs
Light in Motion Co — 0 reviews (undefined★/undefined) | 0 subpages, 4 imgs, 0 pdfs
Colt & Hannah Photography — 5 reviews (5★/29) | 4 subpages, 40 imgs, 0 pdfs
Allison Ragsdale Photography — 5 reviews (5★/96) | 4 subpages, 40 imgs, 0 pdfs
Southwest Durango Photography LLC — 5 reviews (5★/63) | 5 subpages, 40 imgs, 0 pdfs
Alexi Hubbell Photography — 5 reviews (4.9★/54) | 5 subpages, 40 imgs, 3 pdfs
Cassidy Cheyenne Photography — 5 reviews (5★/33) | site FAIL: HTTP 403
Abbi Pittman Photography — 5 reviews (5★/12) | 5 subpages, 40 imgs, 0 pdfs
CStrong Photography — 5 reviews (5★/42) | site FAIL: HTTP 403
Karla Wedding Photography — 4 reviews (5★/4) | 1 subpages, 20 imgs, 0 pdfs
Kara Cavalca Photo+Video — 5 reviews (5★/90) | 5 subpages, 40 imgs, 1 pdfs
Aelpha Collective | Photography and Video — 5 reviews (5★/40) | 1 subpages, 5 imgs, 0 pdfs
Preston Benson Videography: Durango Video Production — 5 reviews (5★/28) | 5 subpages, 10 imgs, 0 pdfs
Janna Lynn Photography — 5 reviews (5★/20) | 0 subpages, 16 imgs, 0 pdfs
Boho Chic Boudoir by Kara Cavalca — 5 reviews (5★/10) | 5 subpages, 40 imgs, 0 pdfs
Wanderlust Elopements — 5 reviews (5★/33) | 5 subpages, 40 imgs, 0 pdfs
Candace Cross Photography — 1 reviews (5★/1) | 0 subpages, 40 imgs, 0 pdfs
River Bend Ranch — 5 reviews (4.9★/133) | 1 subpages, 24 imgs, 0 pdfs
Jenne Anne | Adventure Elopement & Intimate Wedding Photography — 2 reviews (5★/2) | 0 subpages, 2 imgs, 0 pdfs
Four Corners Digital Imagery — 5 reviews (5★/7) | 1 subpages, 11 imgs, 0 pdfs
Grumpyhighlander — 2 reviews (5★/2) | 4 subpages, 17 imgs, 0 pdfs
Amanda Matilda Photography — 5 reviews (5★/42) | 5 subpages, 40 imgs, 0 pdfs
Above Alpine Photography — 5 reviews (4.9★/36) | 0 subpages, 31 imgs, 0 pdfs
Emily O Photography — 5 reviews (5★/23) | 1 subpages, 33 imgs, 0 pdfs
ONCE WEST Photography — 5 reviews (5★/77) | 5 subpages, 40 imgs, 0 pdfs
Aesthetic Collective — 5 reviews (4.7★/41) | 0 subpages, 13 imgs, 0 pdfs
JMGant Photography — 5 reviews (4.9★/81) | 5 subpages, 40 imgs, 0 pdfs
V’s Photography — 5 reviews (5★/24) | 3 subpages, 0 imgs, 0 pdfs
Photography: Family, Engagement, Wedding, Portrait etc. — 5 reviews (5★/15) | no website
Alex Benavidez — no place | no website
Francis Sylvest — no place | 5 subpages, 40 imgs, 0 pdfs
Samuel Marz — no place | 5 subpages, 40 imgs, 0 pdfs
Stephanie Tod Photography — no place | site FAIL: HTTP 403
Autumn Parry Photography — no place | 5 subpages, 40 imgs, 0 pdfs
Alyssa Carpenter Photography — no place | 5 subpages, 40 imgs, 0 pdfs
Hennessy Photo Co — no place | 2 subpages, 40 imgs, 0 pdfs
Emma Rose Photography — no place | no website
By The West — no place | 5 subpages, 30 imgs, 0 pdfs
Molly Margaret Photography — no place | 5 subpages, 40 imgs, 0 pdfs
Kate Merrill Photography — no place | 5 subpages, 40 imgs, 1 pdfs
Zoe Fortuna Photography — no place | 2 subpages, 40 imgs, 0 pdfs
Samantha Dixon Photography — no place | no website
Emily May Photo — no place | 5 subpages, 40 imgs, 0 pdfs
Spenser C Photography — no place | no website
Katie Dawn Photography — no place | no website
Nick Sparks Photography — no place | no website
Colorado Photography Squad — no place | no website
Savannah Chandler Photography — no place | 5 subpages, 40 imgs, 0 pdfs
Lauren Crumpler Photo — no place | no website
Deminis Photography — no place | no website
Sarah Godfrey Photography — no place | 5 subpages, 40 imgs, 0 pdfs
Sasha Amelie / Amelie Photos — no place | 4 subpages, 1 imgs, 0 pdfs
Kins Photography — no place | 5 subpages, 40 imgs, 0 pdfs
Roman Photography — no place | 2 subpages, 15 imgs, 0 pdfs
Creative by Antonella — no place | site FAIL: HTTP 403
Aly Cav Photography — no place | site FAIL: HTTP 403
Photos by Elliot — no place | 2 subpages, 37 imgs, 0 pdfs
Kelly Miller Studios — no place | 5 subpages, 40 imgs, 0 pdfs
Rebecca Milan Photography — no place | no website
Jordan Gresham Photography — no place | no website
Amanda Berube Photography — no place | no website
The Wild Phern — no place | no website
Taylor Nicole Photography — no place | no website
Kokoro Photography — no place | 5 subpages, 40 imgs, 0 pdfs
John Bosley Photography — no place | 5 subpages, 27 imgs, 0 pdfs
Ayla Rae Weddings — no place | 3 subpages, 40 imgs, 0 pdfs
Cassandra Summer Photography — no place | no website
Shelly M Photography — no place | site FAIL: HTTP 403
Ryan Kost Photo — 5 reviews (5★/57) | 5 subpages, 40 imgs, 0 pdfs
Eliza Wildflowers Photography — no place | site FAIL: HTTP 403
Love & Lens — no place | 5 subpages, 40 imgs, 0 pdfs
BlueSpruce Photography — no place | no website
Original Weddings Photo & Video — 5 reviews (4.8★/28) | 5 subpages, 40 imgs, 0 pdfs
Prism Create — no place | 0 subpages, 10 imgs, 0 pdfs
Love Stories with Jen — no place | 2 subpages, 40 imgs, 0 pdfs
Gracie Marie Photography — no place | no website
Kaitlyn Marie Photography — no place | no website
Natali Photographer — no place | no website
Whitney Rae Photography — no place | no website
M Nichole Photo — no place | no website
Emily Elizabeth Images — 4 reviews (5★/4) | 3 subpages, 8 imgs, 0 pdfs
Emily Beltran Photography — no place | no website
Makaila Rosin Photography — no place | no website
Nicole Denae Photography — no place | no website
Sophie Catherine Photo — 5 reviews (5★/54) | 5 subpages, 40 imgs, 0 pdfs
Samantha Ruscher Photography — no place | no website
Sunbeam Studio — 5 reviews (5★/279) | 3 subpages, 40 imgs, 0 pdfs
Kiku Ishi Photography — no place | no website
Brenna Skattebo Photography — no place | no website
Homeland Photography — no place | no website
Sharee Davenport Photography — no place | no website
Jessica Cooke Photography — no place | no website
Annaleisa Veasey Photography — no place | no website
Lauren Vandame Photography — no place | no website
Kayla Aug Photography — no place | no website
Taryn Ashlee Photography — no place | no website
Yoni Gill Photography — no place | no website
Jess & Co — no place | no website
Ashley Joyce Photography — no place | no website
Ashley Taylor Photography — no place | no website
Melanie Joy Photography — no place | no website
Flor de Campo — no place | no website
Savannah Lauren Photography — no place | no website
Mackro Photography — no place | no website
Caitlyn Harris Photography — no place | no website
Taylored Wedding and Portraits — no place | 4 subpages, 40 imgs, 0 pdfs
Mountain Marta Photography — no place | site FAIL: HTTP 403
Alex Mabrey Photography — no place | site FAIL: HTTP 403
Amanda Podesta Photography — no place | 4 subpages, 1 imgs, 0 pdfs
Hughes Photo Co. — no place | 2 subpages, 29 imgs, 0 pdfs
McKenzie Bigliazzi Photography — no place | 4 subpages, 40 imgs, 0 pdfs
In Love and Adventure — no place | 5 subpages, 40 imgs, 0 pdfs
Liam Gordon Photography — no place | 5 subpages, 40 imgs, 0 pdfs
Carl Bower Photographs — 0 reviews (undefined★/undefined) | 4 subpages, 40 imgs, 0 pdfs
Berg Berg Photography — no place | 3 subpages, 40 imgs, 0 pdfs
Gillespie Photography — 5 reviews (4.9★/51) | 0 subpages, 0 imgs, 0 pdfs
Nina Reed / Larsen Photo Co. — no place | 5 subpages, 40 imgs, 0 pdfs
Jennifer Garza Photography — 5 reviews (4.9★/22) | 5 subpages, 33 imgs, 0 pdfs
Mike Kory Photography — no place | no website
MSW Photos (Matt Wilson) — no place | 2 subpages, 17 imgs, 0 pdfs
Evie Joy Photography (Evie Felts) — no place | 5 subpages, 40 imgs, 0 pdfs
Angela Amen Photography — no place | 2 subpages, 40 imgs, 0 pdfs
Elle & Co Photography — no place | no website
Amy Ronk Photography — no place | 1 subpages, 9 imgs, 0 pdfs
Aspen Sage Photo — no place | 2 subpages, 24 imgs, 0 pdfs
Tomi Photopositive — no place | 4 subpages, 0 imgs, 0 pdfs
Ashley Kristine Photo — no place | 3 subpages, 40 imgs, 0 pdfs
Cinematic Studios — no place | no website
Forest Picture Company — no place | no website
The Twilight Photo & Film — no place | no website
The Pic Chick — no place | no website
Stephanie Mathena Photography — no place | no website
Cory Antiel Studios — no place | no website
Antler Run Photography — 5 reviews (5★/53) | 5 subpages, 31 imgs, 0 pdfs
Lauren Leyba Photography — no place | no website
Alex Medvick Photography — no place | no website
Evergreen Photo Co. — no place | no website
Tilted Frame Photography & Design — no place | no website
Bridget Dorr Photography — no place | no website
Katie Blondin Photography — no place | no website
briadair.jpeg — 5 reviews (5★/24) | 1 subpages, 5 imgs, 0 pdfs
Valr Studios Photography — no place | no website
Emberlight Media — 5 reviews (5★/28) | 3 subpages, 40 imgs, 0 pdfs
Kate Ivy Photography — no place | 5 subpages, 40 imgs, 0 pdfs
Ledia Tashi Photography — no place | no website
Jenny JaeMin Photos — no place | no website
Alicia Rinka Photography — no place | no website
Mrs. Ferree Photography — no place | no website
Jo McGowan Weddings — no place | no website
Yellow Paddle Photography — no place | 5 subpages, 32 imgs, 1 pdfs
Lone Oak Studio, Inc — 0 reviews (undefined★/undefined) | 4 subpages, 40 imgs, 0 pdfs
Epic | Photos + Films — no place | no website
George Street Photo & Video — no place | no website
Melo Photo + Video — no place | no website
Blue Spruce Photography — 5 reviews (5★/52) | 1 subpages, 40 imgs, 0 pdfs
Rachel McNurlen Photography — no place | no website
Sarah Arnold Photography — no place | no website
Tom K Photo — no place | 5 subpages, 40 imgs, 0 pdfs
Abby Shepard Photography — no place | site FAIL: HTTP 403

harvested 313 venues → data/enrichvendors/photos-colorado/research/<slug>/harvest.json
